{"contracts/Exchange.sol":{"l":{"36":39,"37":38,"41":38,"42":38,"43":38,"44":15,"45":15,"49":51,"50":50,"57":2,"58":2,"61":2,"62":2,"108":15,"118":15,"119":15,"121":15,"128":15,"129":15,"130":15,"131":15,"136":0,"160":35,"161":12,"183":3,"184":3,"185":15,"209":3,"213":15,"214":15,"240":50,"242":50,"243":50,"245":50,"246":47,"248":45,"249":42,"251":36,"254":33,"255":33,"257":33,"264":28,"273":25,"291":8,"293":7,"295":7,"298":7,"299":7,"307":1,"308":2,"316":4,"317":4,"327":2,"328":1,"329":1,"336":2,"337":1,"338":1,"345":2,"346":1,"347":1,"354":1,"355":1,"371":93,"393":111,"394":40,"398":71,"409":11,"412":60,"414":44,"415":44,"423":2,"427":58,"449":71,"450":71,"452":69,"455":2,"457":2,"458":2,"461":71,"477":44,"480":44,"481":42,"492":2,"505":44,"523":115,"524":115,"525":115,"526":3,"528":112,"542":48,"543":48,"545":42,"546":41,"549":6,"550":6,"552":47,"554":35,"572":33,"573":17,"574":15,"578":31,"581":29,"597":31,"598":31,"599":32,"600":32,"601":31,"604":30,"607":29,"608":29,"624":61,"625":0,"628":61,"630":30,"631":30,"632":30,"635":24,"636":24,"639":6,"641":1,"662":28,"663":28,"665":0},"path":"/Users/yufeili/Desktop/sms/c4/2022-11-non-fungible/contracts/Exchange.sol","s":{"1":39,"2":38,"3":38,"4":15,"5":15,"6":51,"7":2,"8":2,"9":2,"10":2,"11":15,"12":15,"13":15,"14":15,"15":15,"16":15,"17":15,"18":15,"19":0,"20":35,"21":12,"22":3,"23":3,"24":3,"25":15,"26":50,"27":50,"28":50,"29":50,"30":47,"31":45,"32":42,"33":36,"34":33,"35":33,"36":33,"37":28,"38":25,"39":8,"40":7,"41":7,"42":7,"43":7,"44":1,"45":2,"46":4,"47":4,"48":2,"49":1,"50":1,"51":2,"52":1,"53":1,"54":2,"55":1,"56":1,"57":1,"58":1,"59":93,"60":111,"61":40,"62":71,"63":11,"64":60,"65":44,"66":44,"67":2,"68":58,"69":71,"70":71,"71":69,"72":2,"73":2,"74":2,"75":2,"76":71,"77":44,"78":44,"79":44,"80":44,"81":44,"82":2,"83":44,"84":115,"85":115,"86":115,"87":3,"88":112,"89":48,"90":48,"91":42,"92":41,"93":6,"94":6,"95":47,"96":35,"97":33,"98":17,"99":15,"100":31,"101":29,"102":31,"103":31,"104":32,"105":32,"106":31,"107":30,"108":29,"109":29,"110":61,"111":0,"112":61,"113":30,"114":30,"115":30,"116":31,"117":24,"118":24,"119":7,"120":6,"121":1,"122":28,"123":28,"124":0,"125":0},"b":{"1":[38,1],"2":[50,1],"3":[50,0],"4":[47,3],"5":[45,2],"6":[42,3],"7":[36,6],"8":[7,1],"9":[7,0],"10":[1,1],"11":[1,1],"12":[1,1],"13":[40,71],"14":[11,60],"15":[44,16],"16":[44,0],"17":[2,42],"18":[69,2],"19":[2,0],"20":[42,2],"21":[2,0],"22":[115,0],"23":[3,112],"24":[42,6],"25":[41,1],"26":[6,0],"27":[35,12],"28":[17,16],"29":[15,2],"30":[29,1],"31":[0,61],"32":[30,31],"33":[30,0],"34":[30,0],"35":[24,7],"36":[24,0],"37":[6,1],"38":[28,0],"39":[0,0]},"f":{"1":39,"2":38,"3":51,"4":2,"5":2,"6":0,"7":15,"8":15,"9":0,"10":35,"11":3,"12":15,"13":50,"14":8,"15":1,"16":4,"17":2,"18":2,"19":2,"20":1,"21":93,"22":111,"23":71,"24":44,"25":115,"26":48,"27":33,"28":31,"29":61,"30":28},"fnMap":{"1":{"name":"whenOpen","line":35,"loc":{"start":{"line":35,"column":4},"end":{"line":38,"column":4}}},"2":{"name":"setupExecution","line":40,"loc":{"start":{"line":40,"column":4},"end":{"line":46,"column":4}}},"3":{"name":"internalCall","line":48,"loc":{"start":{"line":48,"column":4},"end":{"line":51,"column":4}}},"4":{"name":"open","line":56,"loc":{"start":{"line":56,"column":4},"end":{"line":59,"column":4}}},"5":{"name":"close","line":60,"loc":{"start":{"line":60,"column":4},"end":{"line":63,"column":4}}},"6":{"name":"_authorizeUpgrade","line":66,"loc":{"start":{"line":66,"column":4},"end":{"line":66,"column":69}}},"7":{"name":"constructor","line":107,"loc":{"start":{"line":107,"column":4},"end":{"line":109,"column":4}}},"8":{"name":"initialize","line":117,"loc":{"start":{"line":112,"column":4},"end":{"line":132,"column":4}}},"9":{"name":"updateDomainSeparator","line":135,"loc":{"start":{"line":135,"column":4},"end":{"line":142,"column":4}}},"10":{"name":"execute","line":158,"loc":{"start":{"line":154,"column":4},"end":{"line":162,"column":4}}},"11":{"name":"bulkExecute","line":172,"loc":{"start":{"line":168,"column":4},"end":{"line":210,"column":4}}},"12":{"name":"_returnDust","line":212,"loc":{"start":{"line":212,"column":4},"end":{"line":227,"column":4}}},"13":{"name":"_execute","line":238,"loc":{"start":{"line":234,"column":4},"end":{"line":283,"column":4}}},"14":{"name":"cancelOrder","line":289,"loc":{"start":{"line":289,"column":4},"end":{"line":300,"column":4}}},"15":{"name":"cancelOrders","line":306,"loc":{"start":{"line":306,"column":4},"end":{"line":310,"column":4}}},"16":{"name":"incrementNonce","line":315,"loc":{"start":{"line":315,"column":4},"end":{"line":318,"column":4}}},"17":{"name":"setExecutionDelegate","line":325,"loc":{"start":{"line":323,"column":4},"end":{"line":330,"column":4}}},"18":{"name":"setPolicyManager","line":334,"loc":{"start":{"line":332,"column":4},"end":{"line":339,"column":4}}},"19":{"name":"setOracle","line":343,"loc":{"start":{"line":341,"column":4},"end":{"line":348,"column":4}}},"20":{"name":"setBlockRange","line":352,"loc":{"start":{"line":350,"column":4},"end":{"line":356,"column":4}}},"21":{"name":"_validateOrderParameters","line":366,"loc":{"start":{"line":366,"column":4},"end":{"line":380,"column":4}}},"22":{"name":"_validateSignatures","line":387,"loc":{"start":{"line":387,"column":4},"end":{"line":428,"column":4}}},"23":{"name":"_validateUserAuthorization","line":440,"loc":{"start":{"line":440,"column":4},"end":{"line":462,"column":4}}},"24":{"name":"_validateOracleAuthorization","line":471,"loc":{"start":{"line":471,"column":4},"end":{"line":506,"column":4}}},"25":{"name":"_verify","line":516,"loc":{"start":{"line":516,"column":4},"end":{"line":530,"column":4}}},"26":{"name":"_canMatchOrders","line":537,"loc":{"start":{"line":537,"column":4},"end":{"line":555,"column":4}}},"27":{"name":"_executeFundsTransfer","line":565,"loc":{"start":{"line":565,"column":4},"end":{"line":582,"column":4}}},"28":{"name":"_transferFees","line":591,"loc":{"start":{"line":591,"column":4},"end":{"line":609,"column":4}}},"29":{"name":"_transferTo","line":618,"loc":{"start":{"line":618,"column":4},"end":{"line":643,"column":4}}},"30":{"name":"_executeTokenTransfer","line":653,"loc":{"start":{"line":653,"column":4},"end":{"line":667,"column":4}}}},"statementMap":{"1":{"start":{"line":36,"column":8},"end":{"line":36,"column":37}},"2":{"start":{"line":41,"column":8},"end":{"line":41,"column":31}},"3":{"start":{"line":42,"column":8},"end":{"line":42,"column":24}},"4":{"start":{"line":44,"column":8},"end":{"line":44,"column":23}},"5":{"start":{"line":45,"column":8},"end":{"line":45,"column":25}},"6":{"start":{"line":49,"column":8},"end":{"line":49,"column":73}},"7":{"start":{"line":57,"column":8},"end":{"line":57,"column":17}},"8":{"start":{"line":58,"column":8},"end":{"line":58,"column":21}},"9":{"start":{"line":61,"column":8},"end":{"line":61,"column":17}},"10":{"start":{"line":62,"column":8},"end":{"line":62,"column":21}},"11":{"start":{"line":108,"column":6},"end":{"line":108,"column":27}},"12":{"start":{"line":118,"column":8},"end":{"line":118,"column":23}},"13":{"start":{"line":119,"column":8},"end":{"line":119,"column":17}},"14":{"start":{"line":121,"column":8},"end":{"line":121,"column":3132}},"15":{"start":{"line":128,"column":8},"end":{"line":128,"column":45}},"16":{"start":{"line":129,"column":8},"end":{"line":129,"column":37}},"17":{"start":{"line":130,"column":8},"end":{"line":130,"column":23}},"18":{"start":{"line":131,"column":8},"end":{"line":131,"column":31}},"19":{"start":{"line":136,"column":8},"end":{"line":136,"column":3613}},"20":{"start":{"line":160,"column":8},"end":{"line":160,"column":26}},"21":{"start":{"line":161,"column":8},"end":{"line":161,"column":20}},"22":{"start":{"line":183,"column":8},"end":{"line":183,"column":52}},"23":{"start":{"line":184,"column":8},"end":{"line":184,"column":4941}},"24":{"start":{"line":209,"column":8},"end":{"line":209,"column":20}},"25":{"start":{"line":213,"column":8},"end":{"line":213,"column":44}},"26":{"start":{"line":240,"column":8},"end":{"line":240,"column":44}},"27":{"start":{"line":242,"column":8},"end":{"line":242,"column":76}},"28":{"start":{"line":243,"column":8},"end":{"line":243,"column":73}},"29":{"start":{"line":245,"column":8},"end":{"line":245,"column":80}},"30":{"start":{"line":246,"column":8},"end":{"line":246,"column":77}},"31":{"start":{"line":248,"column":8},"end":{"line":248,"column":93}},"32":{"start":{"line":249,"column":8},"end":{"line":249,"column":90}},"33":{"start":{"line":251,"column":8},"end":{"line":251,"column":118}},"34":{"start":{"line":254,"column":8},"end":{"line":254,"column":41}},"35":{"start":{"line":255,"column":8},"end":{"line":255,"column":40}},"36":{"start":{"line":257,"column":8},"end":{"line":257,"column":7870}},"37":{"start":{"line":264,"column":8},"end":{"line":264,"column":8057}},"38":{"start":{"line":273,"column":8},"end":{"line":273,"column":8260}},"39":{"start":{"line":291,"column":8},"end":{"line":291,"column":42}},"40":{"start":{"line":293,"column":8},"end":{"line":293,"column":62}},"41":{"start":{"line":295,"column":8},"end":{"line":295,"column":77}},"42":{"start":{"line":298,"column":8},"end":{"line":298,"column":37}},"43":{"start":{"line":299,"column":8},"end":{"line":299,"column":33}},"44":{"start":{"line":307,"column":8},"end":{"line":307,"column":9391}},"45":{"start":{"line":308,"column":12},"end":{"line":308,"column":33}},"46":{"start":{"line":316,"column":8},"end":{"line":316,"column":30}},"47":{"start":{"line":317,"column":8},"end":{"line":317,"column":61}},"48":{"start":{"line":327,"column":8},"end":{"line":327,"column":83}},"49":{"start":{"line":328,"column":8},"end":{"line":328,"column":45}},"50":{"start":{"line":329,"column":8},"end":{"line":329,"column":52}},"51":{"start":{"line":336,"column":8},"end":{"line":336,"column":79}},"52":{"start":{"line":337,"column":8},"end":{"line":337,"column":37}},"53":{"start":{"line":338,"column":8},"end":{"line":338,"column":44}},"54":{"start":{"line":345,"column":8},"end":{"line":345,"column":63}},"55":{"start":{"line":346,"column":8},"end":{"line":346,"column":23}},"56":{"start":{"line":347,"column":8},"end":{"line":347,"column":30}},"57":{"start":{"line":354,"column":8},"end":{"line":354,"column":31}},"58":{"start":{"line":355,"column":8},"end":{"line":355,"column":38}},"59":{"start":{"line":371,"column":8},"end":{"line":371,"column":11078}},"60":{"start":{"line":393,"column":8},"end":{"line":393,"column":11718}},"61":{"start":{"line":394,"column":10},"end":{"line":394,"column":21}},"62":{"start":{"line":398,"column":8},"end":{"line":398,"column":11840}},"63":{"start":{"line":409,"column":12},"end":{"line":409,"column":24}},"64":{"start":{"line":412,"column":8},"end":{"line":412,"column":12172}},"65":{"start":{"line":414,"column":12},"end":{"line":414,"column":101}},"66":{"start":{"line":415,"column":12},"end":{"line":415,"column":12418}},"67":{"start":{"line":423,"column":16},"end":{"line":423,"column":28}},"68":{"start":{"line":427,"column":8},"end":{"line":427,"column":19}},"69":{"start":{"line":449,"column":8},"end":{"line":449,"column":26}},"70":{"start":{"line":450,"column":8},"end":{"line":450,"column":13361}},"71":{"start":{"line":452,"column":12},"end":{"line":452,"column":46}},"72":{"start":{"line":453,"column":15},"end":{"line":453,"column":13548}},"73":{"start":{"line":455,"column":12},"end":{"line":455,"column":83}},"74":{"start":{"line":457,"column":12},"end":{"line":457,"column":85}},"75":{"start":{"line":458,"column":12},"end":{"line":458,"column":53}},"76":{"start":{"line":461,"column":8},"end":{"line":461,"column":51}},"77":{"start":{"line":477,"column":8},"end":{"line":477,"column":70}},"78":{"start":{"line":479,"column":8},"end":{"line":479,"column":15}},"79":{"start":{"line":479,"column":17},"end":{"line":479,"column":26}},"80":{"start":{"line":479,"column":28},"end":{"line":479,"column":37}},"81":{"start":{"line":480,"column":8},"end":{"line":480,"column":14596}},"82":{"start":{"line":490,"column":15},"end":{"line":490,"column":15023}},"83":{"start":{"line":505,"column":8},"end":{"line":505,"column":51}},"84":{"start":{"line":523,"column":8},"end":{"line":523,"column":57}},"85":{"start":{"line":524,"column":8},"end":{"line":524,"column":60}},"86":{"start":{"line":525,"column":8},"end":{"line":525,"column":16251}},"87":{"start":{"line":526,"column":10},"end":{"line":526,"column":22}},"88":{"start":{"line":528,"column":10},"end":{"line":528,"column":42}},"89":{"start":{"line":542,"column":8},"end":{"line":542,"column":21}},"90":{"start":{"line":543,"column":8},"end":{"line":543,"column":16784}},"91":{"start":{"line":545,"column":12},"end":{"line":545,"column":103}},"92":{"start":{"line":546,"column":12},"end":{"line":546,"column":123}},"93":{"start":{"line":549,"column":12},"end":{"line":549,"column":102}},"94":{"start":{"line":550,"column":12},"end":{"line":550,"column":122}},"95":{"start":{"line":552,"column":8},"end":{"line":552,"column":52}},"96":{"start":{"line":554,"column":8},"end":{"line":554,"column":50}},"97":{"start":{"line":572,"column":8},"end":{"line":572,"column":17969}},"98":{"start":{"line":573,"column":12},"end":{"line":573,"column":41}},"99":{"start":{"line":574,"column":12},"end":{"line":574,"column":32}},"100":{"start":{"line":578,"column":8},"end":{"line":578,"column":79}},"101":{"start":{"line":581,"column":8},"end":{"line":581,"column":62}},"102":{"start":{"line":597,"column":8},"end":{"line":597,"column":28}},"103":{"start":{"line":598,"column":8},"end":{"line":598,"column":18767}},"104":{"start":{"line":599,"column":12},"end":{"line":599,"column":70}},"105":{"start":{"line":600,"column":12},"end":{"line":600,"column":66}},"106":{"start":{"line":601,"column":12},"end":{"line":601,"column":26}},"107":{"start":{"line":604,"column":8},"end":{"line":604,"column":81}},"108":{"start":{"line":607,"column":8},"end":{"line":607,"column":48}},"109":{"start":{"line":608,"column":8},"end":{"line":608,"column":30}},"110":{"start":{"line":624,"column":8},"end":{"line":624,"column":19582}},"111":{"start":{"line":625,"column":12},"end":{"line":625,"column":18}},"112":{"start":{"line":628,"column":8},"end":{"line":628,"column":19640}},"113":{"start":{"line":630,"column":12},"end":{"line":630,"column":64}},"114":{"start":{"line":631,"column":12},"end":{"line":631,"column":65}},"115":{"start":{"line":632,"column":12},"end":{"line":632,"column":50}},"116":{"start":{"line":633,"column":15},"end":{"line":633,"column":19917}},"117":{"start":{"line":635,"column":12},"end":{"line":635,"column":69}},"118":{"start":{"line":636,"column":12},"end":{"line":636,"column":51}},"119":{"start":{"line":637,"column":15},"end":{"line":637,"column":20124}},"120":{"start":{"line":639,"column":12},"end":{"line":639,"column":66}},"121":{"start":{"line":641,"column":12},"end":{"line":641,"column":42}},"122":{"start":{"line":662,"column":8},"end":{"line":662,"column":20849}},"123":{"start":{"line":663,"column":12},"end":{"line":663,"column":74}},"124":{"start":{"line":664,"column":15},"end":{"line":664,"column":20978}},"125":{"start":{"line":665,"column":12},"end":{"line":665,"column":83}}},"branchMap":{"1":{"line":36,"type":"if","locations":[{"start":{"line":36,"column":8},"end":{"line":36,"column":8}},{"start":{"line":36,"column":8},"end":{"line":36,"column":8}}]},"2":{"line":49,"type":"if","locations":[{"start":{"line":49,"column":8},"end":{"line":49,"column":8}},{"start":{"line":49,"column":8},"end":{"line":49,"column":8}}]},"3":{"line":240,"type":"if","locations":[{"start":{"line":240,"column":8},"end":{"line":240,"column":8}},{"start":{"line":240,"column":8},"end":{"line":240,"column":8}}]},"4":{"line":245,"type":"if","locations":[{"start":{"line":245,"column":8},"end":{"line":245,"column":8}},{"start":{"line":245,"column":8},"end":{"line":245,"column":8}}]},"5":{"line":246,"type":"if","locations":[{"start":{"line":246,"column":8},"end":{"line":246,"column":8}},{"start":{"line":246,"column":8},"end":{"line":246,"column":8}}]},"6":{"line":248,"type":"if","locations":[{"start":{"line":248,"column":8},"end":{"line":248,"column":8}},{"start":{"line":248,"column":8},"end":{"line":248,"column":8}}]},"7":{"line":249,"type":"if","locations":[{"start":{"line":249,"column":8},"end":{"line":249,"column":8}},{"start":{"line":249,"column":8},"end":{"line":249,"column":8}}]},"8":{"line":291,"type":"if","locations":[{"start":{"line":291,"column":8},"end":{"line":291,"column":8}},{"start":{"line":291,"column":8},"end":{"line":291,"column":8}}]},"9":{"line":295,"type":"if","locations":[{"start":{"line":295,"column":8},"end":{"line":295,"column":8}},{"start":{"line":295,"column":8},"end":{"line":295,"column":8}}]},"10":{"line":327,"type":"if","locations":[{"start":{"line":327,"column":8},"end":{"line":327,"column":8}},{"start":{"line":327,"column":8},"end":{"line":327,"column":8}}]},"11":{"line":336,"type":"if","locations":[{"start":{"line":336,"column":8},"end":{"line":336,"column":8}},{"start":{"line":336,"column":8},"end":{"line":336,"column":8}}]},"12":{"line":345,"type":"if","locations":[{"start":{"line":345,"column":8},"end":{"line":345,"column":8}},{"start":{"line":345,"column":8},"end":{"line":345,"column":8}}]},"13":{"line":393,"type":"if","locations":[{"start":{"line":393,"column":8},"end":{"line":393,"column":8}},{"start":{"line":393,"column":8},"end":{"line":393,"column":8}}]},"14":{"line":398,"type":"if","locations":[{"start":{"line":398,"column":8},"end":{"line":398,"column":8}},{"start":{"line":398,"column":8},"end":{"line":398,"column":8}}]},"15":{"line":412,"type":"if","locations":[{"start":{"line":412,"column":8},"end":{"line":412,"column":8}},{"start":{"line":412,"column":8},"end":{"line":412,"column":8}}]},"16":{"line":414,"type":"if","locations":[{"start":{"line":414,"column":12},"end":{"line":414,"column":12}},{"start":{"line":414,"column":12},"end":{"line":414,"column":12}}]},"17":{"line":415,"type":"if","locations":[{"start":{"line":415,"column":12},"end":{"line":415,"column":12}},{"start":{"line":415,"column":12},"end":{"line":415,"column":12}}]},"18":{"line":450,"type":"if","locations":[{"start":{"line":450,"column":8},"end":{"line":450,"column":8}},{"start":{"line":450,"column":8},"end":{"line":450,"column":8}}]},"19":{"line":453,"type":"if","locations":[{"start":{"line":453,"column":15},"end":{"line":453,"column":15}},{"start":{"line":453,"column":15},"end":{"line":453,"column":15}}]},"20":{"line":480,"type":"if","locations":[{"start":{"line":480,"column":8},"end":{"line":480,"column":8}},{"start":{"line":480,"column":8},"end":{"line":480,"column":8}}]},"21":{"line":490,"type":"if","locations":[{"start":{"line":490,"column":15},"end":{"line":490,"column":15}},{"start":{"line":490,"column":15},"end":{"line":490,"column":15}}]},"22":{"line":523,"type":"if","locations":[{"start":{"line":523,"column":8},"end":{"line":523,"column":8}},{"start":{"line":523,"column":8},"end":{"line":523,"column":8}}]},"23":{"line":525,"type":"if","locations":[{"start":{"line":525,"column":8},"end":{"line":525,"column":8}},{"start":{"line":525,"column":8},"end":{"line":525,"column":8}}]},"24":{"line":543,"type":"if","locations":[{"start":{"line":543,"column":8},"end":{"line":543,"column":8}},{"start":{"line":543,"column":8},"end":{"line":543,"column":8}}]},"25":{"line":545,"type":"if","locations":[{"start":{"line":545,"column":12},"end":{"line":545,"column":12}},{"start":{"line":545,"column":12},"end":{"line":545,"column":12}}]},"26":{"line":549,"type":"if","locations":[{"start":{"line":549,"column":12},"end":{"line":549,"column":12}},{"start":{"line":549,"column":12},"end":{"line":549,"column":12}}]},"27":{"line":552,"type":"if","locations":[{"start":{"line":552,"column":8},"end":{"line":552,"column":8}},{"start":{"line":552,"column":8},"end":{"line":552,"column":8}}]},"28":{"line":572,"type":"if","locations":[{"start":{"line":572,"column":8},"end":{"line":572,"column":8}},{"start":{"line":572,"column":8},"end":{"line":572,"column":8}}]},"29":{"line":573,"type":"if","locations":[{"start":{"line":573,"column":12},"end":{"line":573,"column":12}},{"start":{"line":573,"column":12},"end":{"line":573,"column":12}}]},"30":{"line":604,"type":"if","locations":[{"start":{"line":604,"column":8},"end":{"line":604,"column":8}},{"start":{"line":604,"column":8},"end":{"line":604,"column":8}}]},"31":{"line":624,"type":"if","locations":[{"start":{"line":624,"column":8},"end":{"line":624,"column":8}},{"start":{"line":624,"column":8},"end":{"line":624,"column":8}}]},"32":{"line":628,"type":"if","locations":[{"start":{"line":628,"column":8},"end":{"line":628,"column":8}},{"start":{"line":628,"column":8},"end":{"line":628,"column":8}}]},"33":{"line":630,"type":"if","locations":[{"start":{"line":630,"column":12},"end":{"line":630,"column":12}},{"start":{"line":630,"column":12},"end":{"line":630,"column":12}}]},"34":{"line":632,"type":"if","locations":[{"start":{"line":632,"column":12},"end":{"line":632,"column":12}},{"start":{"line":632,"column":12},"end":{"line":632,"column":12}}]},"35":{"line":633,"type":"if","locations":[{"start":{"line":633,"column":15},"end":{"line":633,"column":15}},{"start":{"line":633,"column":15},"end":{"line":633,"column":15}}]},"36":{"line":636,"type":"if","locations":[{"start":{"line":636,"column":12},"end":{"line":636,"column":12}},{"start":{"line":636,"column":12},"end":{"line":636,"column":12}}]},"37":{"line":637,"type":"if","locations":[{"start":{"line":637,"column":15},"end":{"line":637,"column":15}},{"start":{"line":637,"column":15},"end":{"line":637,"column":15}}]},"38":{"line":662,"type":"if","locations":[{"start":{"line":662,"column":8},"end":{"line":662,"column":8}},{"start":{"line":662,"column":8},"end":{"line":662,"column":8}}]},"39":{"line":664,"type":"if","locations":[{"start":{"line":664,"column":15},"end":{"line":664,"column":15}},{"start":{"line":664,"column":15},"end":{"line":664,"column":15}}]}}},"contracts/lib/EIP712.sol":{"l":{"44":15,"60":108,"74":107,"77":107,"78":108,"80":107,"89":107,"117":69,"129":2,"144":44},"path":"/Users/yufeili/Desktop/sms/c4/2022-11-non-fungible/contracts/lib/EIP712.sol","s":{"1":15,"2":108,"3":107,"4":107,"5":108,"6":107,"7":107,"8":69,"9":2,"10":44},"b":{},"f":{"1":15,"2":108,"3":107,"4":107,"5":69,"6":2,"7":44},"fnMap":{"1":{"name":"_hashDomain","line":39,"loc":{"start":{"line":39,"column":4},"end":{"line":53,"column":4}}},"2":{"name":"_hashFee","line":55,"loc":{"start":{"line":55,"column":4},"end":{"line":67,"column":4}}},"3":{"name":"_packFees","line":69,"loc":{"start":{"line":69,"column":4},"end":{"line":81,"column":4}}},"4":{"name":"_hashOrder","line":84,"loc":{"start":{"line":84,"column":4},"end":{"line":110,"column":4}}},"5":{"name":"_hashToSign","line":112,"loc":{"start":{"line":112,"column":4},"end":{"line":122,"column":4}}},"6":{"name":"_hashToSignRoot","line":124,"loc":{"start":{"line":124,"column":4},"end":{"line":137,"column":4}}},"7":{"name":"_hashToSignOracle","line":139,"loc":{"start":{"line":139,"column":4},"end":{"line":153,"column":4}}}},"statementMap":{"1":{"start":{"line":44,"column":8},"end":{"line":44,"column":1695}},"2":{"start":{"line":60,"column":8},"end":{"line":60,"column":2113}},"3":{"start":{"line":74,"column":8},"end":{"line":74,"column":2387}},"4":{"start":{"line":77,"column":8},"end":{"line":77,"column":2473}},"5":{"start":{"line":78,"column":12},"end":{"line":78,"column":43}},"6":{"start":{"line":80,"column":8},"end":{"line":80,"column":53}},"7":{"start":{"line":89,"column":8},"end":{"line":89,"column":2768}},"8":{"start":{"line":117,"column":8},"end":{"line":117,"column":3602}},"9":{"start":{"line":129,"column":8},"end":{"line":129,"column":3850}},"10":{"start":{"line":144,"column":8},"end":{"line":144,"column":4205}}},"branchMap":{}},"contracts/lib/ERC1967Proxy.sol":{"l":{"22":30,"23":30,"30":651},"path":"/Users/yufeili/Desktop/sms/c4/2022-11-non-fungible/contracts/lib/ERC1967Proxy.sol","s":{"1":30,"2":30,"3":651},"b":{},"f":{"1":30,"2":651},"fnMap":{"1":{"name":"constructor","line":21,"loc":{"start":{"line":21,"column":4},"end":{"line":24,"column":4}}},"2":{"name":"_implementation","line":29,"loc":{"start":{"line":29,"column":4},"end":{"line":31,"column":4}}}},"statementMap":{"1":{"start":{"line":22,"column":8},"end":{"line":22,"column":102}},"2":{"start":{"line":23,"column":8},"end":{"line":23,"column":46}},"3":{"start":{"line":30,"column":8},"end":{"line":30,"column":50}}},"branchMap":{}},"contracts/lib/MerkleVerifier.sol":{"l":{"22":0,"23":0,"24":0,"37":2,"38":2,"39":4,"40":4,"42":2,"46":4,"53":4},"path":"/Users/yufeili/Desktop/sms/c4/2022-11-non-fungible/contracts/lib/MerkleVerifier.sol","s":{"1":0,"2":0,"3":2,"4":2,"5":4,"6":4,"7":2,"8":4},"b":{"1":[0,0]},"f":{"1":0,"2":2,"3":4,"4":4},"fnMap":{"1":{"name":"_verifyProof","line":17,"loc":{"start":{"line":17,"column":4},"end":{"line":26,"column":4}}},"2":{"name":"_computeRoot","line":33,"loc":{"start":{"line":33,"column":4},"end":{"line":43,"column":4}}},"3":{"name":"_hashPair","line":45,"loc":{"start":{"line":45,"column":4},"end":{"line":47,"column":4}}},"4":{"name":"_efficientHash","line":49,"loc":{"start":{"line":49,"column":4},"end":{"line":58,"column":4}}}},"statementMap":{"1":{"start":{"line":22,"column":8},"end":{"line":22,"column":56}},"2":{"start":{"line":23,"column":8},"end":{"line":23,"column":520}},"3":{"start":{"line":37,"column":8},"end":{"line":37,"column":35}},"4":{"start":{"line":38,"column":8},"end":{"line":38,"column":865}},"5":{"start":{"line":39,"column":12},"end":{"line":39,"column":43}},"6":{"start":{"line":40,"column":12},"end":{"line":40,"column":63}},"7":{"start":{"line":42,"column":8},"end":{"line":42,"column":27}},"8":{"start":{"line":46,"column":8},"end":{"line":46,"column":66}}},"branchMap":{"1":{"line":23,"type":"if","locations":[{"start":{"line":23,"column":8},"end":{"line":23,"column":8}},{"start":{"line":23,"column":8},"end":{"line":23,"column":8}}]}}},"contracts/lib/OrderStructs.sol":{"l":{},"path":"/Users/yufeili/Desktop/sms/c4/2022-11-non-fungible/contracts/lib/OrderStructs.sol","s":{},"b":{},"f":{},"fnMap":{},"statementMap":{},"branchMap":{}},"contracts/lib/ReentrancyGuarded.sol":{"l":{"14":51,"15":51,"16":51,"17":25},"path":"/Users/yufeili/Desktop/sms/c4/2022-11-non-fungible/contracts/lib/ReentrancyGuarded.sol","s":{"1":51,"2":51,"3":25},"b":{"1":[51,0]},"f":{"1":51},"fnMap":{"1":{"name":"reentrancyGuard","line":13,"loc":{"start":{"line":13,"column":4},"end":{"line":18,"column":4}}}},"statementMap":{"1":{"start":{"line":14,"column":8},"end":{"line":14,"column":54}},"2":{"start":{"line":15,"column":8},"end":{"line":15,"column":28}},"3":{"start":{"line":17,"column":8},"end":{"line":17,"column":29}}},"branchMap":{"1":{"line":14,"type":"if","locations":[{"start":{"line":14,"column":8},"end":{"line":14,"column":8}},{"start":{"line":14,"column":8},"end":{"line":14,"column":8}}]}}},"contracts/Pool.sol":{"l":{"29":12,"36":23,"37":23,"45":1,"46":1,"47":1,"48":1,"49":1,"62":27,"63":1,"65":26,"67":24,"71":26,"72":25,"73":24,"74":24,"88":24,"92":171,"96":0},"path":"/Users/yufeili/Desktop/sms/c4/2022-11-non-fungible/contracts/Pool.sol","s":{"1":23,"2":23,"3":1,"4":1,"5":1,"6":1,"7":1,"8":27,"9":1,"10":26,"11":24,"12":26,"13":25,"14":24,"15":24,"16":24,"17":171,"18":0},"b":{"1":[1,0],"2":[1,0],"3":[1,26],"4":[25,1],"5":[24,1]},"f":{"1":0,"2":23,"3":1,"4":27,"5":26,"6":171,"7":0},"fnMap":{"1":{"name":"_authorizeUpgrade","line":15,"loc":{"start":{"line":15,"column":4},"end":{"line":15,"column":69}}},"2":{"name":"deposit","line":35,"loc":{"start":{"line":35,"column":4},"end":{"line":38,"column":4}}},"3":{"name":"withdraw","line":44,"loc":{"start":{"line":44,"column":4},"end":{"line":50,"column":4}}},"4":{"name":"transferFrom","line":58,"loc":{"start":{"line":58,"column":4},"end":{"line":68,"column":4}}},"5":{"name":"_transfer","line":70,"loc":{"start":{"line":70,"column":4},"end":{"line":89,"column":4}}},"6":{"name":"balanceOf","line":91,"loc":{"start":{"line":91,"column":4},"end":{"line":93,"column":4}}},"7":{"name":"totalSupply","line":95,"loc":{"start":{"line":95,"column":4},"end":{"line":97,"column":4}}}},"statementMap":{"1":{"start":{"line":36,"column":8},"end":{"line":36,"column":41}},"2":{"start":{"line":37,"column":8},"end":{"line":37,"column":56}},"3":{"start":{"line":45,"column":8},"end":{"line":45,"column":47}},"4":{"start":{"line":46,"column":8},"end":{"line":46,"column":38}},"5":{"start":{"line":47,"column":8},"end":{"line":47,"column":69}},"6":{"start":{"line":48,"column":8},"end":{"line":48,"column":23}},"7":{"start":{"line":49,"column":8},"end":{"line":49,"column":53}},"8":{"start":{"line":62,"column":8},"end":{"line":62,"column":1903}},"9":{"start":{"line":63,"column":12},"end":{"line":63,"column":57}},"10":{"start":{"line":65,"column":8},"end":{"line":65,"column":34}},"11":{"start":{"line":67,"column":8},"end":{"line":67,"column":19}},"12":{"start":{"line":71,"column":8},"end":{"line":71,"column":41}},"13":{"start":{"line":72,"column":8},"end":{"line":72,"column":32}},"14":{"start":{"line":73,"column":8},"end":{"line":73,"column":32}},"15":{"start":{"line":74,"column":8},"end":{"line":74,"column":30}},"16":{"start":{"line":88,"column":8},"end":{"line":88,"column":39}},"17":{"start":{"line":92,"column":8},"end":{"line":92,"column":30}},"18":{"start":{"line":96,"column":8},"end":{"line":96,"column":36}}},"branchMap":{"1":{"line":45,"type":"if","locations":[{"start":{"line":45,"column":8},"end":{"line":45,"column":8}},{"start":{"line":45,"column":8},"end":{"line":45,"column":8}}]},"2":{"line":48,"type":"if","locations":[{"start":{"line":48,"column":8},"end":{"line":48,"column":8}},{"start":{"line":48,"column":8},"end":{"line":48,"column":8}}]},"3":{"line":62,"type":"if","locations":[{"start":{"line":62,"column":8},"end":{"line":62,"column":8}},{"start":{"line":62,"column":8},"end":{"line":62,"column":8}}]},"4":{"line":71,"type":"if","locations":[{"start":{"line":71,"column":8},"end":{"line":71,"column":8}},{"start":{"line":71,"column":8},"end":{"line":71,"column":8}}]},"5":{"line":72,"type":"if","locations":[{"start":{"line":72,"column":8},"end":{"line":72,"column":8}},{"start":{"line":72,"column":8},"end":{"line":72,"column":8}}]}}}}