TN:
SF:/Users/yufeili/Desktop/sms/c4/2022-11-non-fungible/contracts/Exchange.sol
FN:35,whenOpen
FN:40,setupExecution
FN:48,internalCall
FN:56,open
FN:60,close
FN:66,_authorizeUpgrade
FN:107,constructor
FN:117,initialize
FN:135,updateDomainSeparator
FN:158,execute
FN:172,bulkExecute
FN:212,_returnDust
FN:238,_execute
FN:289,cancelOrder
FN:306,cancelOrders
FN:315,incrementNonce
FN:325,setExecutionDelegate
FN:334,setPolicyManager
FN:343,setOracle
FN:352,setBlockRange
FN:366,_validateOrderParameters
FN:387,_validateSignatures
FN:440,_validateUserAuthorization
FN:471,_validateOracleAuthorization
FN:516,_verify
FN:537,_canMatchOrders
FN:565,_executeFundsTransfer
FN:591,_transferFees
FN:618,_transferTo
FN:653,_executeTokenTransfer
FNF:30
FNH:28
FNDA:39,whenOpen
FNDA:38,setupExecution
FNDA:51,internalCall
FNDA:2,open
FNDA:2,close
FNDA:0,_authorizeUpgrade
FNDA:15,constructor
FNDA:15,initialize
FNDA:0,updateDomainSeparator
FNDA:35,execute
FNDA:3,bulkExecute
FNDA:15,_returnDust
FNDA:50,_execute
FNDA:8,cancelOrder
FNDA:1,cancelOrders
FNDA:4,incrementNonce
FNDA:2,setExecutionDelegate
FNDA:2,setPolicyManager
FNDA:2,setOracle
FNDA:1,setBlockRange
FNDA:93,_validateOrderParameters
FNDA:111,_validateSignatures
FNDA:71,_validateUserAuthorization
FNDA:44,_validateOracleAuthorization
FNDA:115,_verify
FNDA:48,_canMatchOrders
FNDA:33,_executeFundsTransfer
FNDA:31,_transferFees
FNDA:61,_transferTo
FNDA:28,_executeTokenTransfer
DA:36,39
DA:37,38
DA:41,38
DA:42,38
DA:43,38
DA:44,15
DA:45,15
DA:49,51
DA:50,50
DA:57,2
DA:58,2
DA:61,2
DA:62,2
DA:108,15
DA:118,15
DA:119,15
DA:121,15
DA:128,15
DA:129,15
DA:130,15
DA:131,15
DA:136,0
DA:160,35
DA:161,12
DA:183,3
DA:184,3
DA:185,15
DA:209,3
DA:213,15
DA:214,15
DA:240,50
DA:242,50
DA:243,50
DA:245,50
DA:246,47
DA:248,45
DA:249,42
DA:251,36
DA:254,33
DA:255,33
DA:257,33
DA:264,28
DA:273,25
DA:291,8
DA:293,7
DA:295,7
DA:298,7
DA:299,7
DA:307,1
DA:308,2
DA:316,4
DA:317,4
DA:327,2
DA:328,1
DA:329,1
DA:336,2
DA:337,1
DA:338,1
DA:345,2
DA:346,1
DA:347,1
DA:354,1
DA:355,1
DA:371,93
DA:393,111
DA:394,40
DA:398,71
DA:409,11
DA:412,60
DA:414,44
DA:415,44
DA:423,2
DA:427,58
DA:449,71
DA:450,71
DA:452,69
DA:455,2
DA:457,2
DA:458,2
DA:461,71
DA:477,44
DA:480,44
DA:481,42
DA:492,2
DA:505,44
DA:523,115
DA:524,115
DA:525,115
DA:526,3
DA:528,112
DA:542,48
DA:543,48
DA:545,42
DA:546,41
DA:549,6
DA:550,6
DA:552,47
DA:554,35
DA:572,33
DA:573,17
DA:574,15
DA:578,31
DA:581,29
DA:597,31
DA:598,31
DA:599,32
DA:600,32
DA:601,31
DA:604,30
DA:607,29
DA:608,29
DA:624,61
DA:625,0
DA:628,61
DA:630,30
DA:631,30
DA:632,30
DA:635,24
DA:636,24
DA:639,6
DA:641,1
DA:662,28
DA:663,28
DA:665,0
LF:124
LH:121
BRDA:36,1,0,38
BRDA:36,1,1,1
BRDA:49,2,0,50
BRDA:49,2,1,1
BRDA:240,3,0,50
BRDA:240,3,1,0
BRDA:245,4,0,47
BRDA:245,4,1,3
BRDA:246,5,0,45
BRDA:246,5,1,2
BRDA:248,6,0,42
BRDA:248,6,1,3
BRDA:249,7,0,36
BRDA:249,7,1,6
BRDA:291,8,0,7
BRDA:291,8,1,1
BRDA:295,9,0,7
BRDA:295,9,1,0
BRDA:327,10,0,1
BRDA:327,10,1,1
BRDA:336,11,0,1
BRDA:336,11,1,1
BRDA:345,12,0,1
BRDA:345,12,1,1
BRDA:393,13,0,40
BRDA:393,13,1,71
BRDA:398,14,0,11
BRDA:398,14,1,60
BRDA:412,15,0,44
BRDA:412,15,1,16
BRDA:414,16,0,44
BRDA:414,16,1,0
BRDA:415,17,0,2
BRDA:415,17,1,42
BRDA:450,18,0,69
BRDA:450,18,1,2
BRDA:453,19,0,2
BRDA:453,19,1,0
BRDA:480,20,0,42
BRDA:480,20,1,2
BRDA:490,21,0,2
BRDA:490,21,1,0
BRDA:523,22,0,115
BRDA:523,22,1,0
BRDA:525,23,0,3
BRDA:525,23,1,112
BRDA:543,24,0,42
BRDA:543,24,1,6
BRDA:545,25,0,41
BRDA:545,25,1,1
BRDA:549,26,0,6
BRDA:549,26,1,0
BRDA:552,27,0,35
BRDA:552,27,1,12
BRDA:572,28,0,17
BRDA:572,28,1,16
BRDA:573,29,0,15
BRDA:573,29,1,2
BRDA:604,30,0,29
BRDA:604,30,1,1
BRDA:624,31,0,0
BRDA:624,31,1,61
BRDA:628,32,0,30
BRDA:628,32,1,31
BRDA:630,33,0,30
BRDA:630,33,1,0
BRDA:632,34,0,30
BRDA:632,34,1,0
BRDA:633,35,0,24
BRDA:633,35,1,7
BRDA:636,36,0,24
BRDA:636,36,1,0
BRDA:637,37,0,6
BRDA:637,37,1,1
BRDA:662,38,0,28
BRDA:662,38,1,0
BRDA:664,39,0,0
BRDA:664,39,1,0
BRF:78
BRH:64
end_of_record
TN:
SF:/Users/yufeili/Desktop/sms/c4/2022-11-non-fungible/contracts/lib/EIP712.sol
FN:39,_hashDomain
FN:55,_hashFee
FN:69,_packFees
FN:84,_hashOrder
FN:112,_hashToSign
FN:124,_hashToSignRoot
FN:139,_hashToSignOracle
FNF:7
FNH:7
FNDA:15,_hashDomain
FNDA:108,_hashFee
FNDA:107,_packFees
FNDA:107,_hashOrder
FNDA:69,_hashToSign
FNDA:2,_hashToSignRoot
FNDA:44,_hashToSignOracle
DA:44,15
DA:60,108
DA:74,107
DA:77,107
DA:78,108
DA:80,107
DA:89,107
DA:117,69
DA:129,2
DA:144,44
LF:10
LH:10
BRF:0
BRH:0
end_of_record
TN:
SF:/Users/yufeili/Desktop/sms/c4/2022-11-non-fungible/contracts/lib/ERC1967Proxy.sol
FN:21,constructor
FN:29,_implementation
FNF:2
FNH:2
FNDA:30,constructor
FNDA:651,_implementation
DA:22,30
DA:23,30
DA:30,651
LF:3
LH:3
BRF:0
BRH:0
end_of_record
TN:
SF:/Users/yufeili/Desktop/sms/c4/2022-11-non-fungible/contracts/lib/MerkleVerifier.sol
FN:17,_verifyProof
FN:33,_computeRoot
FN:45,_hashPair
FN:49,_efficientHash
FNF:4
FNH:3
FNDA:0,_verifyProof
FNDA:2,_computeRoot
FNDA:4,_hashPair
FNDA:4,_efficientHash
DA:22,0
DA:23,0
DA:24,0
DA:37,2
DA:38,2
DA:39,4
DA:40,4
DA:42,2
DA:46,4
DA:53,4
LF:10
LH:7
BRDA:23,1,0,0
BRDA:23,1,1,0
BRF:2
BRH:0
end_of_record
TN:
SF:/Users/yufeili/Desktop/sms/c4/2022-11-non-fungible/contracts/lib/OrderStructs.sol
FNF:0
FNH:0
LF:0
LH:0
BRF:0
BRH:0
end_of_record
TN:
SF:/Users/yufeili/Desktop/sms/c4/2022-11-non-fungible/contracts/lib/ReentrancyGuarded.sol
FN:13,reentrancyGuard
FNF:1
FNH:1
FNDA:51,reentrancyGuard
DA:14,51
DA:15,51
DA:16,51
DA:17,25
LF:4
LH:4
BRDA:14,1,0,51
BRDA:14,1,1,0
BRF:2
BRH:1
end_of_record
TN:
SF:/Users/yufeili/Desktop/sms/c4/2022-11-non-fungible/contracts/Pool.sol
FN:15,_authorizeUpgrade
FN:35,deposit
FN:44,withdraw
FN:58,transferFrom
FN:70,_transfer
FN:91,balanceOf
FN:95,totalSupply
FNF:7
FNH:5
FNDA:0,_authorizeUpgrade
FNDA:23,deposit
FNDA:1,withdraw
FNDA:27,transferFrom
FNDA:26,_transfer
FNDA:171,balanceOf
FNDA:0,totalSupply
DA:29,12
DA:36,23
DA:37,23
DA:45,1
DA:46,1
DA:47,1
DA:48,1
DA:49,1
DA:62,27
DA:63,1
DA:65,26
DA:67,24
DA:71,26
DA:72,25
DA:73,24
DA:74,24
DA:88,24
DA:92,171
DA:96,0
LF:19
LH:18
BRDA:45,1,0,1
BRDA:45,1,1,0
BRDA:48,2,0,1
BRDA:48,2,1,0
BRDA:62,3,0,1
BRDA:62,3,1,26
BRDA:71,4,0,25
BRDA:71,4,1,1
BRDA:72,5,0,24
BRDA:72,5,1,1
BRF:10
BRH:8
end_of_record
